<?xml version="1.0" encoding="UTF-8"?>
<testng-results skipped="0" failed="0" ignored="0" total="1" passed="1">
  <reporter-output>
  </reporter-output>
  <suite name="Default suite" duration-ms="51931" started-at="2019-03-13T18:31:51Z" finished-at="2019-03-13T18:32:43Z">
    <groups>
    </groups>
    <test name="Default test" duration-ms="51931" started-at="2019-03-13T18:31:51Z" finished-at="2019-03-13T18:32:43Z">
      <class name="App">
        <test-method status="PASS" signature="openGmail()[pri:0, instance:App@1b604f19]" name="openGmail" duration-ms="51799" started-at="2019-03-13T18:31:51Z" finished-at="2019-03-13T18:32:43Z">
          <reporter-output>
          </reporter-output>
        </test-method> <!-- openGmail -->
      </class> <!-- App -->
    </test> <!-- Default test -->
  </suite> <!-- Default suite -->
</testng-results>
